[21-Feb-2021 07:31:17 UTC] PHP Parse error:  syntax error, unexpected 'echo' (T_ECHO), expecting ';' or ',' in /Applications/MAMP/htdocs/4w41/wp-content/themes/theme-4w4/functions.php on line 143
[21-Feb-2021 07:31:47 UTC] PHP Parse error:  syntax error, unexpected 'echo' (T_ECHO), expecting ';' or ',' in /Applications/MAMP/htdocs/4w41/wp-content/themes/theme-4w4/functions.php on line 144
[21-Feb-2021 07:32:03 UTC] PHP Fatal error:  Uncaught Error: Call to undefined function filetime() in /Applications/MAMP/htdocs/4w41/wp-content/themes/theme-4w4/functions.php:147
Stack trace:
#0 /Applications/MAMP/htdocs/4w41/wp-includes/class-wp-hook.php(287): theme_4w4_scripts('')
#1 /Applications/MAMP/htdocs/4w41/wp-includes/class-wp-hook.php(311): WP_Hook->apply_filters(NULL, Array)
#2 /Applications/MAMP/htdocs/4w41/wp-includes/plugin.php(478): WP_Hook->do_action(Array)
#3 /Applications/MAMP/htdocs/4w41/wp-includes/script-loader.php(2001): do_action('wp_enqueue_scri...')
#4 /Applications/MAMP/htdocs/4w41/wp-includes/class-wp-hook.php(287): wp_enqueue_scripts('')
#5 /Applications/MAMP/htdocs/4w41/wp-includes/class-wp-hook.php(311): WP_Hook->apply_filters(NULL, Array)
#6 /Applications/MAMP/htdocs/4w41/wp-includes/plugin.php(478): WP_Hook->do_action(Array)
#7 /Applications/MAMP/htdocs/4w41/wp-includes/general-template.php(3009): do_action('wp_head')
#8 /Applications/MAMP/htdocs/4w41/wp-content/themes/theme-4w4/header.php(20): wp_head()
#9 /Applications in /Applications/MAMP/htdocs/4w41/wp-content/themes/theme-4w4/functions.php on line 147
[21-Feb-2021 07:32:42 UTC] PHP Fatal error:  Uncaught Error: Call to undefined function filetime() in /Applications/MAMP/htdocs/4w41/wp-content/themes/theme-4w4/functions.php:147
Stack trace:
#0 /Applications/MAMP/htdocs/4w41/wp-includes/class-wp-hook.php(287): theme_4w4_scripts('')
#1 /Applications/MAMP/htdocs/4w41/wp-includes/class-wp-hook.php(311): WP_Hook->apply_filters(NULL, Array)
#2 /Applications/MAMP/htdocs/4w41/wp-includes/plugin.php(478): WP_Hook->do_action(Array)
#3 /Applications/MAMP/htdocs/4w41/wp-includes/script-loader.php(2001): do_action('wp_enqueue_scri...')
#4 /Applications/MAMP/htdocs/4w41/wp-includes/class-wp-hook.php(287): wp_enqueue_scripts('')
#5 /Applications/MAMP/htdocs/4w41/wp-includes/class-wp-hook.php(311): WP_Hook->apply_filters(NULL, Array)
#6 /Applications/MAMP/htdocs/4w41/wp-includes/plugin.php(478): WP_Hook->do_action(Array)
#7 /Applications/MAMP/htdocs/4w41/wp-includes/general-template.php(3009): do_action('wp_head')
#8 /Applications/MAMP/htdocs/4w41/wp-content/themes/theme-4w4/header.php(20): wp_head()
#9 /Applications in /Applications/MAMP/htdocs/4w41/wp-content/themes/theme-4w4/functions.php on line 147
[21-Feb-2021 07:33:48 UTC] PHP Parse error:  syntax error, unexpected 'echo' (T_ECHO), expecting ';' or ',' in /Applications/MAMP/htdocs/4w41/wp-content/themes/theme-4w4/functions.php on line 143
